
> backend@1.0.0 start
> node server.js

[dotenv@17.3.1] injecting env (2) from .env -- tip: ⚡️ secrets for agents: https://dotenvx.com/as2
Server running on port 8080
MongoDB connected
CastError: Cast to ObjectId failed for value "undefined" (type string) at path "_id" for model "Employee"
    at SchemaObjectId.cast (/Users/akash/Desktop/Cba_Assignments/Employee-Management/backend/node_modules/mongoose/lib/schema/objectId.js:253:11)
    at SchemaType.applySetters (/Users/akash/Desktop/Cba_Assignments/Employee-Management/backend/node_modules/mongoose/lib/schemaType.js:1280:12)
    at SchemaType.castForQuery (/Users/akash/Desktop/Cba_Assignments/Employee-Management/backend/node_modules/mongoose/lib/schemaType.js:1706:17)
    at cast (/Users/akash/Desktop/Cba_Assignments/Employee-Management/backend/node_modules/mongoose/lib/cast.js:386:32)
    at Query.cast (/Users/akash/Desktop/Cba_Assignments/Employee-Management/backend/node_modules/mongoose/lib/query.js:5088:12)
    at Query._castConditions (/Users/akash/Desktop/Cba_Assignments/Employee-Management/backend/node_modules/mongoose/lib/query.js:2376:10)
    at model.Query._findOneAndDelete (/Users/akash/Desktop/Cba_Assignments/Employee-Management/backend/node_modules/mongoose/lib/query.js:3644:8)
    at model.Query.exec (/Users/akash/Desktop/Cba_Assignments/Employee-Management/backend/node_modules/mongoose/lib/query.js:4687:80)
    at process.processTicksAndRejections (node:internal/process/task_queues:105:5)
    at async /Users/akash/Desktop/Cba_Assignments/Employee-Management/backend/routes/employees.js:32:3
CastError: Cast to ObjectId failed for value "undefined" (type string) at path "_id" for model "Employee"
    at SchemaObjectId.cast (/Users/akash/Desktop/Cba_Assignments/Employee-Management/backend/node_modules/mongoose/lib/schema/objectId.js:253:11)
    at SchemaType.applySetters (/Users/akash/Desktop/Cba_Assignments/Employee-Management/backend/node_modules/mongoose/lib/schemaType.js:1280:12)
    at SchemaType.castForQuery (/Users/akash/Desktop/Cba_Assignments/Employee-Management/backend/node_modules/mongoose/lib/schemaType.js:1706:17)
    at cast (/Users/akash/Desktop/Cba_Assignments/Employee-Management/backend/node_modules/mongoose/lib/cast.js:386:32)
    at Query.cast (/Users/akash/Desktop/Cba_Assignments/Employee-Management/backend/node_modules/mongoose/lib/query.js:5088:12)
    at Query._castConditions (/Users/akash/Desktop/Cba_Assignments/Employee-Management/backend/node_modules/mongoose/lib/query.js:2376:10)
    at model.Query._findOneAndDelete (/Users/akash/Desktop/Cba_Assignments/Employee-Management/backend/node_modules/mongoose/lib/query.js:3644:8)
    at model.Query.exec (/Users/akash/Desktop/Cba_Assignments/Employee-Management/backend/node_modules/mongoose/lib/query.js:4687:80)
    at process.processTicksAndRejections (node:internal/process/task_queues:105:5)
    at async /Users/akash/Desktop/Cba_Assignments/Employee-Management/backend/routes/employees.js:32:3
